<?xml version="1.0" encoding="UTF-8"?>
<!-- Generated by org.testng.reporters.JUnitReportReporter -->
<testsuite skipped="0" hostname="User-PC" name="SeleniumProject.AlertTest" tests="1" failures="0" timestamp="28 Oct 2018 09:51:45 GMT" time="2.816" errors="0">
  <testcase name="f" time="2.816" classname="SeleniumProject.AlertTest"/>
</testsuite> <!-- SeleniumProject.AlertTest -->
