<?xml version="1.0" encoding="UTF-8"?>
<!-- Generated by org.testng.reporters.JUnitReportReporter -->
<testsuite skipped="0" hostname="User-PC" name="SeleniumProject.Test1" tests="1" failures="0" timestamp="28 Oct 2018 12:43:33 GMT" time="7.756" errors="0">
  <testcase name="f" time="7.756" classname="SeleniumProject.Test1"/>
</testsuite> <!-- SeleniumProject.Test1 -->
