<?xml version="1.0" encoding="UTF-8"?>
<!-- Generated by org.testng.reporters.JUnitReportReporter -->
<testsuite skipped="0" hostname="User-PC" name="SeleniumProject.TestAutoit" tests="1" failures="0" timestamp="02 Dec 2018 11:47:18 GMT" time="10.584" errors="0">
  <testcase name="testCaseOne_Test_One" time="10.584" classname="SeleniumProject.TestAutoit"/>
</testsuite> <!-- SeleniumProject.TestAutoit -->
