<?xml version="1.0" encoding="UTF-8"?>
<!-- Generated by org.testng.reporters.JUnitReportReporter -->
<testsuite skipped="0" hostname="User-PC" name="SeleniumProject.Test3" tests="1" failures="0" timestamp="21 Oct 2018 12:54:39 GMT" time="0.983" errors="0">
  <testcase name="f" time="0.983" classname="SeleniumProject.Test3"/>
</testsuite> <!-- SeleniumProject.Test3 -->
